<?xml version="1.0" encoding="UTF-8"?>
<!-- Generated by org.testng.reporters.JUnitReportReporter -->
<testsuite hostname="360NDCPC104" name="Testscript.StandardOrderOnnet" tests="1" failures="0" timestamp="18 Oct 2019 14:21:00 GMT" time="869.995" errors="1">
  <testcase name="EndtoEndOrder" time="869.995" classname="Testscript.StandardOrderOnnet">
    <error type="java.lang.AssertionError" message="OrderType is not Defined">
      <![CDATA[java.lang.AssertionError: OrderType is not Defined
	at org.testng.Assert.fail(Assert.java:94)
	at ScriptHelper.OrderingHelper.CreateOrder(OrderingHelper.java:324)
	at Testscript.StandardOrderOnnet.EndtoEndOrder(StandardOrderOnnet.java:137)
	at sun.reflect.NativeMethodAccessorImpl.invoke0(Native Method)
	at sun.reflect.NativeMethodAccessorImpl.invoke(Unknown Source)
	at sun.reflect.DelegatingMethodAccessorImpl.invoke(Unknown Source)
	at java.lang.reflect.Method.invoke(Unknown Source)
	at org.testng.internal.MethodInvocationHelper.invokeMethod(MethodInvocationHelper.java:84)
	at org.testng.internal.Invoker.invokeMethod(Invoker.java:714)
	at org.testng.internal.Invoker.invokeTestMethod(Invoker.java:901)
	at org.testng.internal.TestMethodWithDataProviderMethodWorker.call(TestMethodWithDataProviderMethodWorker.java:73)
	at org.testng.internal.TestMethodWithDataProviderMethodWorker.call(TestMethodWithDataProviderMethodWorker.java:14)
	at java.util.concurrent.FutureTask.run(Unknown Source)
	at java.util.concurrent.Executors$RunnableAdapter.call(Unknown Source)
	at java.util.concurrent.FutureTask.run(Unknown Source)
	at java.util.concurrent.ThreadPoolExecutor.runWorker(Unknown Source)
	at java.util.concurrent.ThreadPoolExecutor$Worker.run(Unknown Source)
	at java.lang.Thread.run(Unknown Source)
]]>
    </error>
  </testcase> <!-- EndtoEndOrder -->
</testsuite> <!-- Testscript.StandardOrderOnnet -->
